Warning: Can't read link_library file 'your_library.db'. (UID-3)
Error: Could not read the following target libraries:
your_library.db 
 (UIO-3)
Warning: Can't read link_library file 'your_library.db'. (UID-3)
Warning: Can't read link_library file 'your_library.db'. (UID-3)
Warning: Can't read link_library file 'your_library.db'. (UID-3)
Warning: Can't read link_library file 'your_library.db'. (UID-3)
Warning: Can't read link_library file 'your_library.db'. (UID-3)
Warning: Can't read link_library file 'your_library.db'. (UID-3)
Warning: Can't read link_library file 'your_library.db'. (UID-3)
Warning: Can't read link_library file 'your_library.db'. (UID-3)
Warning: Can't read link_library file 'your_library.db'. (UID-3)
Warning: Can't read link_library file 'your_library.db'. (UID-3)
Warning: Can't read link_library file 'your_library.db'. (UID-3)
Warning: Can't read link_library file 'your_library.db'. (UID-3)
Warning: Can't read link_library file 'your_library.db'. (UID-3)
  Allocating blocks in 'DW02_mult_A_width7_B_width1'
Warning: Can't read link_library file 'your_library.db'. (UID-3)
Warning: Can't read link_library file 'your_library.db'. (UID-3)
Warning: Can't read link_library file 'your_library.db'. (UID-3)
Warning: Can't read link_library file 'your_library.db'. (UID-3)
Warning: Can't read link_library file 'your_library.db'. (UID-3)
Warning: Can't read link_library file 'your_library.db'. (UID-3)
Warning: Can't read link_library file 'your_library.db'. (UID-3)
Warning: Can't read link_library file 'your_library.db'. (UID-3)
Warning: Can't read link_library file 'your_library.db'. (UID-3)
Warning: Can't read link_library file 'your_library.db'. (UID-3)
Warning: Can't read link_library file 'your_library.db'. (UID-3)
  Allocating blocks in 'DW01_absval_width7'
Warning: Can't read link_library file 'your_library.db'. (UID-3)
Warning: Can't read link_library file 'your_library.db'. (UID-3)
Warning: Can't read link_library file 'your_library.db'. (UID-3)
Warning: Can't read link_library file 'your_library.db'. (UID-3)
  Allocating blocks in 'DW01_absval_width1'
Warning: Can't read link_library file 'your_library.db'. (UID-3)
Warning: Can't read link_library file 'your_library.db'. (UID-3)
Warning: Can't read link_library file 'your_library.db'. (UID-3)
Warning: Can't read link_library file 'your_library.db'. (UID-3)
Warning: Can't read link_library file 'your_library.db'. (UID-3)
 
****************************************
Report : area
Design : LBP
Version: U-2022.12
Date   : Thu Sep  7 11:51:01 2023
****************************************

Information: Updating design information... (UID-85)
Library(s) Used:

    gtech (File: /usr/cad/synopsys/synthesis/2022.12/libraries/syn/gtech.db)

Number of ports:                         1727
Number of nets:                          3045
Number of cells:                         1289
Number of combinational cells:           1025
Number of sequential cells:               149
Number of macros/black boxes:               0
Number of buf/inv:                        161
Number of references:                      28

Combinational area:                  0.000000
Buf/Inv area:                        0.000000
Noncombinational area:               0.000000
Macro/Black Box area:                0.000000
Net Interconnect area:      undefined  (No wire load specified)

Total cell area:                     0.000000
Total area:                 undefined

Information: This design contains unmapped logic. (RPT-7)
1
