 
****************************************
Report : timing
        -path full
        -delay max
        -max_paths 1
Design : LBP
Version: U-2022.12
Date   : Thu Sep  7 11:51:01 2023
****************************************

Operating Conditions: nom_pvt   Library: gtech
Wire Load Model Mode: top

  Startpoint: gray_addr_reg[13]
              (rising edge-triggered flip-flop)
  Endpoint: gray_addr[13]
            (output port)
  Path Group: (none)
  Path Type: max

  Point                                                   Incr       Path
  --------------------------------------------------------------------------
  gray_addr_reg[13]/clocked_on (**SEQGEN**)               0.00       0.00 r
  gray_addr_reg[13]/Q (**SEQGEN**)                        0.00       0.00 r
  gray_addr[13] (out)                                     0.00       0.00 r
  data arrival time                                                  0.00
  --------------------------------------------------------------------------
  (Path is unconstrained)


1
