 
****************************************
Report : area
Design : LBP
Version: U-2022.12
Date   : Thu Sep  7 16:54:40 2023
****************************************

Library(s) Used:

    slow (File: /usr/cad/CBDK_IC_Contest_v2.1/SynopsysDC/db/slow.db)

Number of ports:                          176
Number of nets:                           844
Number of cells:                          718
Number of combinational cells:            573
Number of sequential cells:               130
Number of macros/black boxes:               0
Number of buf/inv:                        128
Number of references:                      74

Combinational area:               5362.086566
Buf/Inv area:                      906.411587
Noncombinational area:            3946.454990
Macro/Black Box area:                0.000000
Net Interconnect area:           87033.774567

Total cell area:                  9308.541556
Total area:                      96342.316123
1
