 
****************************************
Report : timing
        -path full
        -delay max
        -max_paths 1
Design : LBP
Version: U-2022.12
Date   : Thu Sep  7 16:54:40 2023
****************************************

Operating Conditions: slow   Library: slow
Wire Load Model Mode: top

  Startpoint: reset (input port clocked by clk)
  Endpoint: kernel_reg[4][4]
            (rising edge-triggered flip-flop clocked by clk)
  Path Group: clk
  Path Type: max

  Des/Clust/Port     Wire Load Model       Library
  ------------------------------------------------
  LBP                tsmc13_wl10           slow

  Point                                    Incr       Path
  -----------------------------------------------------------
  clock clk (rise edge)                    0.00       0.00
  clock network delay (ideal)              0.50       0.50
  input external delay                     5.00       5.50 f
  reset (in)                               0.11       5.61 f
  U438/Y (INVX3)                           0.22       5.83 r
  U437/Y (NAND2X4)                         0.24       6.06 f
  U445/Y (NAND2BX4)                        0.32       6.39 f
  U320/Y (INVX2)                           0.45       6.84 r
  U616/Y (OAI22XL)                         0.28       7.12 f
  kernel_reg[4][4]/D (DFFQXL)              0.00       7.12 f
  data arrival time                                   7.12

  clock clk (rise edge)                    7.00       7.00
  clock network delay (ideal)              0.50       7.50
  clock uncertainty                       -0.10       7.40
  kernel_reg[4][4]/CK (DFFQXL)             0.00       7.40 r
  library setup time                      -0.28       7.12
  data required time                                  7.12
  -----------------------------------------------------------
  data required time                                  7.12
  data arrival time                                  -7.12
  -----------------------------------------------------------
  slack (MET)                                         0.00


1
